


ARM Macro Assembler    Page 1 


    1 00000000                 AREA             Prog3, CODE, READWRITE
    2 00000000 E59F1018        LDR              R1, Q
    3 00000004 E59F2018        LDR              R2, R
    4 00000008 E59F3018        LDR              R3, S
    5 0000000C E0810002        ADD              R0, R1, R2
    6 00000010 E0800003        ADD              R0, R3
    7 00000014 E58F0004        STR              R0, Q
    8 00000018 EAFFFFFE 
                       Stop    B                Stop
    9 0000001C         ;.AREA Prog3, CODE, READWRITE
   10 0000001C 00 00 00 
              00       P       SPACE            4
   11 00000020 000009A4 
                       Q       DCD              2468
   12 00000024 00000002 
                       R       DCD              2
   13 00000028 00000005 
                       S       DCD              5
   14 0000002C                 END
Command Line: --debug --xref --apcs=interwork --depend=.\p3.d -o.\p3.o -I"D:\ar
m lab\ARM\RV31\INC" -I"D:\arm lab\ARM\CMSIS\Include" --predefine="__EVAL SETA 1
" --list=.\p3.lst p3.asm



ARM Macro Assembler    Page 1 Alphabetic symbol ordering
Relocatable symbols

P 0000001C

Symbol: P
   Definitions
      At line 10 in file p3.asm
   Uses
      None
Comment: P unused
Prog3 00000000

Symbol: Prog3
   Definitions
      At line 1 in file p3.asm
   Uses
      None
Comment: Prog3 unused
Q 00000020

Symbol: Q
   Definitions
      At line 11 in file p3.asm
   Uses
      At line 2 in file p3.asm
      At line 7 in file p3.asm

R 00000024

Symbol: R
   Definitions
      At line 12 in file p3.asm
   Uses
      At line 3 in file p3.asm
Comment: R used once
S 00000028

Symbol: S
   Definitions
      At line 13 in file p3.asm
   Uses
      At line 4 in file p3.asm
Comment: S used once
Stop 00000018

Symbol: Stop
   Definitions
      At line 8 in file p3.asm
   Uses
      At line 8 in file p3.asm
Comment: Stop used once
6 symbols
337 symbols in table
