


ARM Macro Assembler    Page 1 


    1 00000000                 AREA             Program2, CODE, READONLY
    2 00000000 E3A01006        MOV              R1, #Q
    3 00000004 E3A02002        MOV              R2, #R
    4 00000008 E3A03005        MOV              R3, #S
    5 0000000C E0810002        ADD              R0, R1, R2
    6 00000010 E0800003        ADD              R0, R0, R3
    7 00000014 EAFFFFFE 
                       STOP    B                STOP
    8 00000018 00000006 
                       Q       EQU              6
    9 00000018 00000002 
                       R       EQU              2
   10 00000018 00000005 
                       S       EQU              5
   11 00000018                 END
Command Line: --debug --xref --apcs=interwork --depend=.\p2.d -o.\p2.o -I"D:\ar
m lab\ARM\RV31\INC" -I"D:\arm lab\ARM\CMSIS\Include" --predefine="__EVAL SETA 1
" --list=.\p2.lst P2.asm



ARM Macro Assembler    Page 1 Alphabetic symbol ordering
Relocatable symbols

Program2 00000000

Symbol: Program2
   Definitions
      At line 1 in file P2.asm
   Uses
      None
Comment: Program2 unused
STOP 00000014

Symbol: STOP
   Definitions
      At line 7 in file P2.asm
   Uses
      At line 7 in file P2.asm
Comment: STOP used once
2 symbols



ARM Macro Assembler    Page 1 Alphabetic symbol ordering
Absolute symbols

Q 00000006

Symbol: Q
   Definitions
      At line 8 in file P2.asm
   Uses
      At line 2 in file P2.asm
Comment: Q used once
R 00000002

Symbol: R
   Definitions
      At line 9 in file P2.asm
   Uses
      At line 3 in file P2.asm
Comment: R used once
S 00000005

Symbol: S
   Definitions
      At line 10 in file P2.asm
   Uses
      At line 4 in file P2.asm
Comment: S used once
3 symbols
336 symbols in table
